This file contains any messages produced by compilers while
running configure, to aid debugging if configure makes a mistake.

It was created by Ironclad configure g0a370c9, which was
generated by GNU Autoconf 2.71.  Invocation command line was

  $ ./configure --target=riscv64-limine-elf

## --------- ##
## Platform. ##
## --------- ##

hostname = shield
uname -m = x86_64
uname -r = 6.9.3-76060903-generic
uname -s = Linux
uname -v = #202405300957~1726766035~22.04~4092a0e SMP PREEMPT_DYNAMIC Thu S

/usr/bin/uname -p = x86_64
/bin/uname -X     = unknown

/bin/arch              = x86_64
/usr/bin/arch -k       = unknown
/usr/convex/getsysinfo = unknown
/usr/bin/hostinfo      = unknown
/bin/machine           = unknown
/usr/bin/oslevel       = unknown
/bin/universe          = unknown

PATH: /home/michael/.local/share/alire/toolchains/gprbuild_22.0.1_24dfc1b5/bin/
PATH: /home/michael/.local/share/alire/toolchains/gnat_native_14.2.1_06bb3def/bin/
PATH: /home/michael/.local/share/alire/toolchains/gnat_riscv64_elf_14.2.1_4f738310/bin/
PATH: /home/michael/opt/gnat-riscv64-elf-linux64-x86_64/bin/
PATH: /home/michael/opt/gnat-x86_64-linux/bin/
PATH: /home/michael/.local/bin/
PATH: /usr/local/sbin/
PATH: /usr/local/bin/
PATH: /usr/sbin/
PATH: /usr/bin/
PATH: /sbin/
PATH: /bin/
PATH: /usr/games/
PATH: /usr/local/games/
PATH: /snap/bin/
PATH: /home/michael/.local/share/JetBrains/Toolbox/scripts/
PATH: /opt/jdk-17.0.7+7/bin/


## ----------- ##
## Core tests. ##
## ----------- ##

configure:1751: looking for aux files: config.guess config.sub install-sh
configure:1764:  trying ./build-aux/
configure:1793:   ./build-aux/config.guess found
configure:1793:   ./build-aux/config.sub found
configure:1775:   ./build-aux/install-sh found
configure:1964: checking for a race-free mkdir -p
configure:2008: result: /usr/bin/mkdir -p
configure:2026: checking for a BSD-compatible install
configure:2099: result: /usr/bin/install -c
configure:2117: checking for perl
configure:2138: found /usr/bin/perl
configure:2149: result: perl
configure:2168: checking for objdump
configure:2189: found /home/michael/.local/share/alire/toolchains/gnat_native_14.2.1_06bb3def/bin/objdump
configure:2200: result: objdump
configure:2219: checking for gzip
configure:2240: found /usr/bin/gzip
configure:2251: result: gzip
configure:2270: checking for strip
configure:2291: found /home/michael/.local/share/alire/toolchains/gnat_native_14.2.1_06bb3def/bin/strip
configure:2302: result: strip
configure:2321: checking for makeinfo
configure:2342: found /usr/bin/makeinfo
configure:2353: result: makeinfo
configure:2372: checking for texi2dvi
configure:2393: found /usr/bin/texi2dvi
configure:2404: result: texi2dvi
configure:2423: checking for makeinfo
configure:2444: found /usr/bin/makeinfo
configure:2455: result: makeinfo --no-split --html
configure:2474: checking for gprbuild
configure:2495: found /home/michael/.local/share/alire/toolchains/gprbuild_22.0.1_24dfc1b5/bin/gprbuild
configure:2506: result: gprbuild
configure:2525: checking for gnatprove
configure:2560: result: no
configure:2566: WARNING: gnatprove not found, please install gnatprove or set GNATPROVE to a valid executable
configure:2578: checking build system type
configure:2593: result: x86_64-pc-linux-gnu
configure:2613: checking host system type
configure:2627: result: x86_64-pc-linux-gnu
configure:2647: checking target system type
configure:2661: result: riscv64-limine-elf
configure:2871: creating ./config.status

## ---------------------- ##
## Running config.status. ##
## ---------------------- ##

This file was extended by Ironclad config.status g0a370c9, which was
generated by GNU Autoconf 2.71.  Invocation command line was

  CONFIG_FILES    = 
  CONFIG_HEADERS  = 
  CONFIG_LINKS    = 
  CONFIG_COMMANDS = 
  $ ./config.status 

on shield

config.status:751: creating GNUmakefile
config.status:751: creating ironclad.gpr
config.status:751: creating rts.gpr

## ---------------- ##
## Cache variables. ##
## ---------------- ##

ac_cv_build=x86_64-pc-linux-gnu
ac_cv_env_ADAFLAGS_set=
ac_cv_env_ADAFLAGS_value=
ac_cv_env_ASFLAGS_set=
ac_cv_env_ASFLAGS_value=
ac_cv_env_GNATPROVE_set=
ac_cv_env_GNATPROVE_value=
ac_cv_env_GPRBUILD_set=
ac_cv_env_GPRBUILD_value=
ac_cv_env_GZIP_set=
ac_cv_env_GZIP_value=
ac_cv_env_LDFLAGS_set=
ac_cv_env_LDFLAGS_value=
ac_cv_env_MAKEINFO_set=
ac_cv_env_MAKEINFO_value=
ac_cv_env_OBJDUMP_set=
ac_cv_env_OBJDUMP_value=
ac_cv_env_PERL_set=
ac_cv_env_PERL_value=
ac_cv_env_STRIP_set=
ac_cv_env_STRIP_value=
ac_cv_env_TEXI2DVI_set=
ac_cv_env_TEXI2DVI_value=
ac_cv_env_TEXI2HTML_set=
ac_cv_env_TEXI2HTML_value=
ac_cv_env_build_alias_set=
ac_cv_env_build_alias_value=
ac_cv_env_host_alias_set=
ac_cv_env_host_alias_value=
ac_cv_env_target_alias_set=set
ac_cv_env_target_alias_value=riscv64-limine-elf
ac_cv_host=x86_64-pc-linux-gnu
ac_cv_path_install='/usr/bin/install -c'
ac_cv_path_mkdir=/usr/bin/mkdir
ac_cv_prog_GPRBUILD_FOUND=gprbuild
ac_cv_prog_GZIP_FOUND=gzip
ac_cv_prog_MAKEINFO_FOUND=makeinfo
ac_cv_prog_OBJDUMP_FOUND=objdump
ac_cv_prog_PERL_FOUND=perl
ac_cv_prog_STRIP_FOUND=strip
ac_cv_prog_TEXI2DVI_FOUND=texi2dvi
ac_cv_prog_TEXI2HTML_FOUND='makeinfo --no-split --html'
ac_cv_target=riscv64-limine-elf

## ----------------- ##
## Output variables. ##
## ----------------- ##

ADAFLAGS='-g -O2 -pipe -gnaty -Wall -Wextra'
ASFLAGS='-g -O2 -pipe -Wall'
BUILDDIR='/home/michael/capstoneProject/ironclad'
DEFS='-DPACKAGE_NAME=\"Ironclad\" -DPACKAGE_TARNAME=\"ironclad\" -DPACKAGE_VERSION=\"g0a370c9\" -DPACKAGE_STRING=\"Ironclad\ g0a370c9\" -DPACKAGE_BUGREPORT=\"https://ironclad.nongnu.org/usersupport.html\" -DPACKAGE_URL=\"\"'
ECHO_C=''
ECHO_N='-n'
ECHO_T=''
GNATPROVE='gnatprove'
GNATPROVE_FOUND=''
GPRBUILD='gprbuild'
GPRBUILD_FOUND='gprbuild'
GZIP='gzip'
GZIP_FOUND='gzip'
INSTALL_DATA='${INSTALL} -m 644'
INSTALL_PROGRAM='${INSTALL}'
INSTALL_SCRIPT='${INSTALL}'
LDFLAGS='-g -O2 -pipe -Wall'
LIBOBJS=''
LIBS=''
LTLIBOBJS=''
MAKEINFO='makeinfo'
MAKEINFO_FOUND='makeinfo'
MEMORY_ALLOCONLY='False'
MKDIR_P='/usr/bin/mkdir -p'
OBJDUMP='objdump'
OBJDUMP_FOUND='objdump'
PACKAGE_BUGREPORT='https://ironclad.nongnu.org/usersupport.html'
PACKAGE_NAME='Ironclad'
PACKAGE_STRING='Ironclad g0a370c9'
PACKAGE_TARNAME='ironclad'
PACKAGE_URL=''
PACKAGE_VERSION='g0a370c9'
PATH_SEPARATOR=':'
PERL='perl'
PERL_FOUND='perl'
SHELL='/bin/bash'
SOURCE_DATE_EPOCH='1731253613'
SRCDIR='/home/michael/capstoneProject/ironclad'
STRIP='strip'
STRIP_FOUND='strip'
TEXI2DVI='texi2dvi'
TEXI2DVI_FOUND='texi2dvi'
TEXI2HTML='makeinfo --no-split --html'
TEXI2HTML_FOUND='makeinfo --no-split --html'
bindir='${exec_prefix}/bin'
build='x86_64-pc-linux-gnu'
build_alias=''
build_cpu='x86_64'
build_os='linux-gnu'
build_vendor='pc'
datadir='${datarootdir}'
datarootdir='${prefix}/share'
docdir='${datarootdir}/doc/${PACKAGE_TARNAME}'
dvidir='${docdir}'
exec_prefix='${prefix}'
host='x86_64-pc-linux-gnu'
host_alias=''
host_cpu='x86_64'
host_os='linux-gnu'
host_vendor='pc'
htmldir='${docdir}'
includedir='${prefix}/include'
infodir='${datarootdir}/info'
libdir='${exec_prefix}/lib'
libexecdir='${exec_prefix}/libexec'
localedir='${datarootdir}/locale'
localstatedir='${prefix}/var'
mandir='${datarootdir}/man'
oldincludedir='/usr/include'
pdfdir='${docdir}'
prefix='/usr/local'
program_transform_name='s,x,x,'
psdir='${docdir}'
runstatedir='${localstatedir}/run'
sbindir='${exec_prefix}/sbin'
sharedstatedir='${prefix}/com'
sysconfdir='${prefix}/etc'
target='riscv64-limine-elf'
target_alias='riscv64-limine-elf'
target_cpu='riscv64'
target_os='elf'
target_vendor='limine'

## ----------- ##
## confdefs.h. ##
## ----------- ##

/* confdefs.h */
#define PACKAGE_NAME "Ironclad"
#define PACKAGE_TARNAME "ironclad"
#define PACKAGE_VERSION "g0a370c9"
#define PACKAGE_STRING "Ironclad g0a370c9"
#define PACKAGE_BUGREPORT "https://ironclad.nongnu.org/usersupport.html"
#define PACKAGE_URL ""

configure: exit 0
